<?xml version="1.0" encoding="UTF-8"?>
<!-- Generated by org.testng.reporters.JUnitReportReporter -->
<testsuite hostname="chaitanya-PC" name="databasetesting.TestDatabase" tests="1" failures="0" timestamp="15 Aug 2017 04:25:00 GMT" time="0.025" errors="0">
  <testcase name="TestVerifyDB" time="0.025" classname="databasetesting.TestDatabase"/>
</testsuite> <!-- databasetesting.TestDatabase -->
