<?xml version="1.0" encoding="UTF-8"?>
<!-- Generated by org.testng.reporters.JUnitReportReporter -->
<testsuite hostname="chaitanya-PC" name="TestNG.TestNG1" tests="2" failures="0" timestamp="22 Dec 2016 04:52:37 GMT" time="0.088" errors="0">
  <testcase name="tc1" time="0.015" classname="TestNG.TestNG1"/>
  <testcase name="tc2" time="0.073" classname="TestNG.TestNG1"/>
</testsuite> <!-- TestNG.TestNG1 -->
