<?xml version="1.0" encoding="UTF-8"?>
<!-- Generated by org.testng.reporters.JUnitReportReporter -->
<testsuite hostname="chaitanya-PC" name="TestNG.TestNG2$TestNG1" tests="2" failures="0" timestamp="14 Dec 2016 09:02:52 GMT" time="0.030" errors="0">
  <testcase name="tc1" time="0.024" classname="TestNG.TestNG2$TestNG1"/>
  <testcase name="tc2" time="0.006" classname="TestNG.TestNG2$TestNG1"/>
</testsuite> <!-- TestNG.TestNG2$TestNG1 -->
