<?xml version="1.0" encoding="UTF-8"?>
<!-- Generated by org.testng.reporters.JUnitReportReporter -->
<testsuite hostname="chaitanya-PC" name="testngpackage.Class1" tests="3" failures="0" timestamp="19 Dec 2016 12:50:19 GMT" time="0.008" errors="0">
  <testcase name="advancedsearch" time="0.003" classname="testngpackage.Class1"/>
  <testcase name="search" time="0.002" classname="testngpackage.Class1"/>
  <testcase name="buyproducts" time="0.003" classname="testngpackage.Class1"/>
</testsuite> <!-- testngpackage.Class1 -->
