<?xml version="1.0" encoding="UTF-8"?>
<!-- Generated by org.testng.reporters.JUnitReportReporter -->
<testsuite hostname="chaitanya-PC" name="orangehrm.Autoit" tests="1" failures="0" timestamp="18 Jan 2017 11:57:07 GMT" time="32.278" errors="0">
  <testcase name="SSC" time="32.278" classname="orangehrm.Autoit"/>
</testsuite> <!-- orangehrm.Autoit -->
