<?xml version="1.0" encoding="UTF-8"?>
<!-- Generated by org.testng.reporters.JUnitReportReporter -->
<testsuite hostname="chaitanya-PC" name="orangehrm.Scroll" tests="1" failures="0" timestamp="23 Dec 2016 09:23:31 GMT" time="33.520" errors="0">
  <testcase name="scroll" time="33.520" classname="orangehrm.Scroll"/>
</testsuite> <!-- orangehrm.Scroll -->
