<?xml version="1.0" encoding="UTF-8"?>
<!-- Generated by org.testng.reporters.JUnitReportReporter -->
<testsuite hostname="chaitanya-PC" name="test.Test99GuruLogin" tests="2" failures="0" timestamp="14 Aug 2017 10:11:50 GMT" time="1.834" errors="0">
  <testcase name="Correct" time="0.260" classname="test.Test99GuruLogin"/>
  <testcase name="test_Home_Page_Appear_Correct" time="1.574" classname="test.Test99GuruLogin"/>
</testsuite> <!-- test.Test99GuruLogin -->
