<?xml version="1.0" encoding="UTF-8"?>
<!-- Generated by org.testng.reporters.JUnitReportReporter -->
<testsuite hostname="chaitanya-PC" name="TestNG.TestNG2" tests="1" failures="0" timestamp="20 Jan 2017 07:54:16 GMT" time="9.511" errors="0">
  <testcase name="tc3_hrm" time="9.511" classname="TestNG.TestNG2"/>
</testsuite> <!-- TestNG.TestNG2 -->
