<?xml version="1.0" encoding="UTF-8"?>
<!-- Generated by org.testng.reporters.JUnitReportReporter -->
<testsuite hostname="chaitanya-PC" name="databasetesting.SeleniumDataBaseTesting2" tests="2" failures="0" timestamp="16 Aug 2017 09:59:26 GMT" time="0.028" errors="0">
  <testcase name="getEmployeesFromDataBase" time="0.017" classname="databasetesting.SeleniumDataBaseTesting2"/>
  <testcase name="customer" time="0.011" classname="databasetesting.SeleniumDataBaseTesting2"/>
</testsuite> <!-- databasetesting.SeleniumDataBaseTesting2 -->
